{"logTime": "0715/155810", "correlationVector":"KodnC+LBl4Chcw4mpIArtU.1","action":"SyncServerConnectionManagerRequest", "result":"SYNC_SERVER_OK", "context":{"environment":"Prod_southindia_prod-s01-004-apac-southindia", "migrationStage":"NotStarted", "server":"akswtt01400008u"}}
{"logTime": "0715/155810", "correlationVector":"KodnC+LBl4Chcw4mpIArtU.2","action":"ProcessGetUpdates", "result":"Done", "context":{"dataType":"Encryption Keys", "deleted":"0", "process_failed_to_decrypt":"0", "process_pending_decryption":"0", "process_success":"1", "total":"1"}}
{"logTime": "0715/155811", "correlationVector":"EWB9lvR/+89np9yJ7yLMRS","action":"SyncServerConnectionManagerRequest", "result":"SYNC_SERVER_OK", "context":{"environment":"", "migrationStage":"", "server":""}}
{"logTime": "0715/155811", "correlationVector":"EWB9lvR/+89np9yJ7yLMRS.0","action":"EncryptionKeysFetcher.DownloadKeys:", "result":"Success", "context":Key count: 6, Last key timestamp: 2025-07-15T15:44:14Z}
{"logTime": "0715/155811", "correlationVector":"EWB9lvR/+89np9yJ7yLMRS.1","action":"EncryptionKeysManager::SetEncryptionKeys:", "result":"Success", "context":Key names[6]:[eRDEJyOJbueV0YQz84MvpL0c0eLQYyp5B0Bsu1nEXx6d/fvb7O8X2HqExYIZmJcIzi+iWd3fsznA0VX0ugkqvA==][wXLn17ZLjr1BKopU49tz7CuKXjYyw82akKv0KgYisfrDU1Rc1dI0uXfwRZRjpgoJaUpsdLqdHCzeonA+XLNl1A==][/DLR0pcM3qrP/6W5PuBDfmje6yVEjOZarp9n4iiUmIz/6uyEz+29Z7KJfGTedXoAt5BEj1p8FgCYk7CiGQxU7Q==][tlWuhB2GSPGXXiIUvLVZ5R847Yoqvu4qfr1J3KpRCUjwTcQQA6/do41+9NJOR4YL1rjlAu8ja/L3ezC2nI+4tw==][9KOaPu7nBA4hzKtcOpQzVXNRr6eb4UtktiW/zsnU6NG122Jl4kCTuf8WyMTyEAPbql4W15t7KIRLxz304TJRKw==][XnBk4qdW798zKwa80Oo/SZoDueRfeWOedLy6dJn51FzGx0jO0xsMl910V+z+IpxHOMBWCT0LdY0zaVwjsl0UiA==]}
{"logTime": "0715/155811", "correlationVector":"EWB9lvR/+89np9yJ7yLMRS.2","action":"EncryptionKeysManager::SetEncryptionKeysWithTimestamps:", "result":"Success", "context":Key timestamps[6]:[2023-01-14T20:34:06Z][2023-07-14T17:54:10Z][2024-01-11T16:30:42Z][2024-07-11T18:11:58Z][2025-01-15T12:31:52Z][2025-07-15T15:44:14Z]}
{"logTime": "0715/155811", "correlationVector":"KodnC+LBl4Chcw4mpIArtU","action":"Initial GetUpdates", "result":"", "context":Reason: NEW_CLIENT. cV=KodnC+LBl4Chcw4mpIArtU}
{"logTime": "0715/155811", "correlationVector":"KodnC+LBl4Chcw4mpIArtU.3","action":"GetUpdates Response", "result":"Success", "context":Received 1 update(s). cV=KodnC+LBl4Chcw4mpIArtU.0;server=akswtt01400008u;cloudType=Consumer;environment=Prod_southindia_prod-s01-004-apac-southindia;migrationStage=NotStarted}
{"logTime": "0715/155811", "correlationVector":"mKxGubmOBdr60RDdwOWSnJ","action":"Initial GetUpdates", "result":"", "context":Reason: NEWLY_SUPPORTED_DATATYPE. cV=mKxGubmOBdr60RDdwOWSnJ}
{"logTime": "0715/155811", "correlationVector":"mKxGubmOBdr60RDdwOWSnJ.1","action":"SyncServerConnectionManagerRequest", "result":"SYNC_SERVER_OK", "context":{"environment":"Prod_southindia_prod-s01-004-apac-southindia", "migrationStage":"NotStarted", "server":"akswtt01400001m"}}
{"logTime": "0715/155811", "correlationVector":"mKxGubmOBdr60RDdwOWSnJ.2","action":"ProcessGetUpdates", "result":"Done", "context":{"dataType":"Preferences", "deleted":"1", "process_failed_to_decrypt":"0", "process_pending_decryption":"0", "process_success":"51", "total":"51"}}
{"logTime": "0715/155811", "correlationVector":"mKxGubmOBdr60RDdwOWSnJ.3","action":"ProcessGetUpdates", "result":"Done", "context":{"dataType":"Passwords", "deleted":"0", "process_failed_to_decrypt":"0", "process_pending_decryption":"0", "process_success":"3", "total":"3"}}
{"logTime": "0715/155811", "correlationVector":"mKxGubmOBdr60RDdwOWSnJ.4","action":"ProcessGetUpdates", "result":"Done", "context":{"dataType":"Device Info", "deleted":"0", "process_failed_to_decrypt":"0", "process_pending_decryption":"0", "process_success":"3", "total":"3"}}
{"logTime": "0715/155811", "correlationVector":"mKxGubmOBdr60RDdwOWSnJ.5","action":"GetUpdates Response", "result":"Success", "context":Received 57 update(s). cV=mKxGubmOBdr60RDdwOWSnJ.0;server=akswtt01400001m;cloudType=Consumer;environment=Prod_southindia_prod-s01-004-apac-southindia;migrationStage=NotStarted}
{"logTime": "0715/155811", "correlationVector":"XmB+TF12TJ8PYcyFyo0Ltq","action":"Initial GetUpdates", "result":"", "context":Reason: NEWLY_SUPPORTED_DATATYPE. cV=XmB+TF12TJ8PYcyFyo0Ltq}
{"logTime": "0715/155812", "correlationVector":"XmB+TF12TJ8PYcyFyo0Ltq.1","action":"SyncServerConnectionManagerRequest", "result":"SYNC_SERVER_OK", "context":{"environment":"Prod_southindia_prod-s01-004-apac-southindia", "migrationStage":"NotStarted", "server":"akswtt014000084"}}
{"logTime": "0715/155812", "correlationVector":"XmB+TF12TJ8PYcyFyo0Ltq.2","action":"ProcessGetUpdates", "result":"Done", "context":{"dataType":"Bookmarks", "deleted":"0", "process_failed_to_decrypt":"0", "process_pending_decryption":"0", "process_success":"5", "total":"5"}}
{"logTime": "0715/155812", "correlationVector":"XmB+TF12TJ8PYcyFyo0Ltq.3","action":"GetUpdates Response", "result":"Success", "context":Received 5 update(s). cV=XmB+TF12TJ8PYcyFyo0Ltq.0;server=akswtt014000084;cloudType=Consumer;environment=Prod_southindia_prod-s01-004-apac-southindia;migrationStage=NotStarted}
{"logTime": "0715/155812", "correlationVector":"MqDy7zXqjVTN5UZvOUE9gC","action":"Initial GetUpdates", "result":"", "context":Reason: NEWLY_SUPPORTED_DATATYPE. cV=MqDy7zXqjVTN5UZvOUE9gC}
{"logTime": "0715/155812", "correlationVector":"MqDy7zXqjVTN5UZvOUE9gC.1","action":"SyncServerConnectionManagerRequest", "result":"SYNC_SERVER_OK", "context":{"environment":"Prod_southindia_prod-s01-004-apac-southindia", "migrationStage":"NotStarted", "server":"akswtt014000003"}}
{"logTime": "0715/155812", "correlationVector":"MqDy7zXqjVTN5UZvOUE9gC.2","action":"ProcessGetUpdates", "result":"Done", "context":{"dataType":"Autofill Profiles", "deleted":"1", "process_failed_to_decrypt":"0", "process_pending_decryption":"0", "process_success":"11", "total":"11"}}
{"logTime": "0715/155812", "correlationVector":"MqDy7zXqjVTN5UZvOUE9gC.3","action":"ProcessGetUpdates", "result":"Done", "context":{"dataType":"Autofill", "deleted":"0", "process_failed_to_decrypt":"0", "process_pending_decryption":"0", "process_success":"18", "total":"18"}}
{"logTime": "0715/155812", "correlationVector":"MqDy7zXqjVTN5UZvOUE9gC.4","action":"ProcessGetUpdates", "result":"Done", "context":{"dataType":"Sessions", "deleted":"43", "process_failed_to_decrypt":"0", "process_pending_decryption":"0", "process_success":"49", "total":"49"}}
{"logTime": "0715/155812", "correlationVector":"MqDy7zXqjVTN5UZvOUE9gC.5","action":"ProcessGetUpdates", "result":"Done", "context":{"dataType":"Edge Hub App Usage", "deleted":"0", "process_failed_to_decrypt":"0", "process_pending_decryption":"0", "process_success":"1", "total":"1"}}
{"logTime": "0715/155812", "correlationVector":"MqDy7zXqjVTN5UZvOUE9gC.6","action":"GetUpdates Response", "result":"Success", "context":Received 79 update(s). cV=MqDy7zXqjVTN5UZvOUE9gC.0;server=akswtt014000003;cloudType=Consumer;environment=Prod_southindia_prod-s01-004-apac-southindia;migrationStage=NotStarted}
{"logTime": "0715/155812", "correlationVector":"7IPJna0RAd/5jpwKmsWdSU","action":"Initial GetUpdates", "result":"", "context":Reason: NEWLY_SUPPORTED_DATATYPE. cV=7IPJna0RAd/5jpwKmsWdSU}
{"logTime": "0715/155812", "correlationVector":"7IPJna0RAd/5jpwKmsWdSU.1","action":"SyncServerConnectionManagerRequest", "result":"SYNC_SERVER_OK", "context":{"environment":"Prod_southindia_prod-s01-004-apac-southindia", "migrationStage":"NotStarted", "server":"akswtt01400001m"}}
{"logTime": "0715/155812", "correlationVector":"7IPJna0RAd/5jpwKmsWdSU.2","action":"ProcessGetUpdates", "result":"Done", "context":{"dataType":"History", "deleted":"0", "process_failed_to_decrypt":"0", "process_pending_decryption":"0", "process_success":"22", "total":"22"}}
{"logTime": "0715/155812", "correlationVector":"7IPJna0RAd/5jpwKmsWdSU.3","action":"GetUpdates Response", "result":"Success", "context":Received 22 update(s). cV=7IPJna0RAd/5jpwKmsWdSU.0;server=akswtt01400001m;cloudType=Consumer;environment=Prod_southindia_prod-s01-004-apac-southindia;migrationStage=NotStarted}
{"logTime": "0715/155812", "correlationVector":"ktx7+2tPlQEm7tQqsbEuLo","action":"Normal GetUpdate request", "result":"", "context":cV=ktx7+2tPlQEm7tQqsbEuLo
Nudged types: Preferences, Sessions, Device Info, User Consents
Refresh requested types: Bookmarks, Preferences, Passwords, Autofill Profiles, Autofill, Extensions, Sessions, Extension settings, History Delete Directives, Device Info, User Consents, Send Tab To Self, Web Apps, History, Saved Tab Group, WebAuthn Credentials, Collection, Edge E Drop, Edge Hub App Usage, Edge Wallet, Encryption Keys}
{"logTime": "0715/155812", "correlationVector":"ktx7+2tPlQEm7tQqsbEuLo.1","action":"SyncServerConnectionManagerRequest", "result":"SYNC_SERVER_OK", "context":{"environment":"Prod_southindia_prod-s01-004-apac-southindia", "migrationStage":"NotStarted", "server":"akswtt014000003"}}
{"logTime": "0715/155812", "correlationVector":"ktx7+2tPlQEm7tQqsbEuLo.2","action":"GetUpdates Response", "result":"Success", "context":Received 0 update(s). cV=ktx7+2tPlQEm7tQqsbEuLo.0;server=akswtt014000003;cloudType=Consumer;environment=Prod_southindia_prod-s01-004-apac-southindia;migrationStage=NotStarted}
{"logTime": "0715/155812", "correlationVector":"xo+/Tpszo5hM2YHvyWRALr","action":"Commit Request", "result":"", "context":Item count: 6
Contributing types: Preferences, Sessions, Device Info, User Consents}
{"logTime": "0715/155813", "correlationVector":"xo+/Tpszo5hM2YHvyWRALr.1","action":"SyncServerConnectionManagerRequest", "result":"SYNC_SERVER_OK", "context":{"environment":"Prod_southindia_prod-s01-004-apac-southindia", "migrationStage":"NotStarted", "server":"akswtt01400008g"}}
{"logTime": "0715/155813", "correlationVector":"xo+/Tpszo5hM2YHvyWRALr.2","action":"Commit Response", "result":"Success", "context":Result: Success. cV=xo+/Tpszo5hM2YHvyWRALr.0;server=akswtt01400008g;cloudType=Consumer;environment=Prod_southindia_prod-s01-004-apac-southindia;migrationStage=NotStarted}
{"logTime": "0715/155816", "correlationVector":"uSp0+Gd+yGM3xQ+g+AR14C","action":"Commit Request", "result":"", "context":Item count: 3
Contributing types: Sessions, History, Edge Hub App Usage}
{"logTime": "0715/155817", "correlationVector":"uSp0+Gd+yGM3xQ+g+AR14C.1","action":"SyncServerConnectionManagerRequest", "result":"SYNC_SERVER_OK", "context":{"environment":"Prod_southindia_prod-s01-004-apac-southindia", "migrationStage":"NotStarted", "server":"akswtt01400002b"}}
{"logTime": "0715/155817", "correlationVector":"uSp0+Gd+yGM3xQ+g+AR14C.2","action":"Commit Response", "result":"Success", "context":Result: Success. cV=uSp0+Gd+yGM3xQ+g+AR14C.0;server=akswtt01400002b;cloudType=Consumer;environment=Prod_southindia_prod-s01-004-apac-southindia;migrationStage=NotStarted}
